<?xml version="1.0" encoding="UTF-8"?>
<testng-results ignored="0" total="1" passed="1" failed="0" skipped="0">
  <reporter-output>
  </reporter-output>
  <suite started-at="2021-08-30T14:50:16 IST" name="Default suite" finished-at="2021-08-30T14:50:18 IST" duration-ms="1648">
    <groups>
    </groups>
    <test started-at="2021-08-30T14:50:16 IST" name="Default test" finished-at="2021-08-30T14:50:18 IST" duration-ms="1648">
      <class name="com.example.demo.student.Mytest">
        <test-method signature="getItems()[pri:0, instance:com.example.demo.student.Mytest@4d0f2471]" started-at="2021-08-30T14:50:16 IST" name="getItems" finished-at="2021-08-30T14:50:18 IST" duration-ms="1602" status="PASS">
          <reporter-output>
          </reporter-output>
        </test-method> <!-- getItems -->
      </class> <!-- com.example.demo.student.Mytest -->
    </test> <!-- Default test -->
  </suite> <!-- Default suite -->
</testng-results>
