<?xml version="1.0" encoding="UTF-8"?>
<!-- Generated by org.testng.reporters.JUnitXMLReporter -->
<testsuite ignored="1" hostname="MC76" failures="0" tests="1" name="Default test" time="1.5" errors="0" timestamp="2021-09-02T04:48:36 EDT">
  <testcase classname="com.example.demo.test.Log4jApplicationTest" name="contextLoads" time="1.466"/>
  <testcase classname="com.example.demo.test.Log4jApplicationTest" name="addTestProjectContacts" time="0.0">
    <ignored/>
  </testcase> <!-- addTestProjectContacts -->
</testsuite> <!-- Default test -->
